{"numFailedTestSuites":3,"numFailedTests":5,"numPassedTestSuites":0,"numPassedTests":2,"numPendingTestSuites":0,"numPendingTests":0,"numRuntimeErrorTestSuites":0,"numTodoTests":0,"numTotalTestSuites":3,"numTotalTests":7,"openHandles":[],"snapshot":{"added":0,"didUpdate":false,"failure":true,"filesAdded":0,"filesRemoved":0,"filesRemovedList":[],"filesUnmatched":1,"filesUpdated":0,"matched":2,"total":3,"unchecked":0,"uncheckedKeysByFile":[],"unmatched":1,"updated":0},"startTime":1620806112178,"success":false,"testResults":[{"assertionResults":[{"ancestorTitles":["Simple Button Test"],"failureMessages":["Error: \u001b[2mexpect(\u001b[22m\u001b[31mreceived\u001b[39m\u001b[2m).\u001b[22mtoEqual\u001b[2m(\u001b[22m\u001b[32mexpected\u001b[39m\u001b[2m) // deep equality\u001b[22m\n\nExpected: \u001b[32m2\u001b[39m\nReceived: \u001b[31m1\u001b[39m\n    at Object.<anonymous> (/Users/stanislavus/Developer/repos/showcases/storybooks/src/Button/Button.test.tsx:3:19)\n    at Object.asyncJestTest (/Users/stanislavus/Developer/repos/showcases/storybooks/node_modules/jest-jasmine2/build/jasmineAsyncInstall.js:106:37)\n    at /Users/stanislavus/Developer/repos/showcases/storybooks/node_modules/jest-jasmine2/build/queueRunner.js:45:12\n    at new Promise (<anonymous>)\n    at mapper (/Users/stanislavus/Developer/repos/showcases/storybooks/node_modules/jest-jasmine2/build/queueRunner.js:28:19)\n    at /Users/stanislavus/Developer/repos/showcases/storybooks/node_modules/jest-jasmine2/build/queueRunner.js:75:41\n    at processTicksAndRejections (node:internal/process/task_queues:96:5)"],"fullName":"Simple Button Test Component","location":null,"status":"failed","title":"Component"}],"endTime":1620806114003,"message":"\u001b[1m\u001b[31m  \u001b[1m● \u001b[22m\u001b[1mSimple Button Test › Component\u001b[39m\u001b[22m\n\n    \u001b[2mexpect(\u001b[22m\u001b[31mreceived\u001b[39m\u001b[2m).\u001b[22mtoEqual\u001b[2m(\u001b[22m\u001b[32mexpected\u001b[39m\u001b[2m) // deep equality\u001b[22m\n\n    Expected: \u001b[32m2\u001b[39m\n    Received: \u001b[31m1\u001b[39m\n\u001b[2m\u001b[22m\n\u001b[2m    \u001b[0m \u001b[90m 1 |\u001b[39m describe(\u001b[32m'Simple Button Test'\u001b[39m\u001b[33m,\u001b[39m () \u001b[33m=>\u001b[39m {\u001b[0m\u001b[22m\n\u001b[2m    \u001b[0m \u001b[90m 2 |\u001b[39m     test(\u001b[32m'Component'\u001b[39m\u001b[33m,\u001b[39m () \u001b[33m=>\u001b[39m {\u001b[0m\u001b[22m\n\u001b[2m    \u001b[0m\u001b[31m\u001b[1m>\u001b[22m\u001b[2m\u001b[39m\u001b[90m 3 |\u001b[39m         expect(\u001b[35m1\u001b[39m)\u001b[33m.\u001b[39mtoEqual(\u001b[35m2\u001b[39m)\u001b[33m;\u001b[39m\u001b[0m\u001b[22m\n\u001b[2m    \u001b[0m \u001b[90m   |\u001b[39m                   \u001b[31m\u001b[1m^\u001b[22m\u001b[2m\u001b[39m\u001b[0m\u001b[22m\n\u001b[2m    \u001b[0m \u001b[90m 4 |\u001b[39m     })\u001b[33m;\u001b[39m\u001b[0m\u001b[22m\n\u001b[2m    \u001b[0m \u001b[90m 5 |\u001b[39m })\u001b[33m;\u001b[39m\u001b[0m\u001b[22m\n\u001b[2m\u001b[22m\n\u001b[2m      \u001b[2mat Object.<anonymous> (\u001b[22m\u001b[2m\u001b[0m\u001b[36msrc/Button/Button.test.tsx\u001b[39m\u001b[0m\u001b[2m:3:19)\u001b[22m\u001b[2m\u001b[22m\n","name":"/Users/stanislavus/Developer/repos/showcases/storybooks/src/Button/Button.test.tsx","startTime":1620806113296,"status":"failed","summary":""},{"assertionResults":[{"ancestorTitles":["Storyshots","Example/Button"],"failureMessages":["Error: \u001b[2mexpect(\u001b[22m\u001b[38;5;23m\u001b[48;5;195mreceived\u001b[49m\u001b[39m\u001b[2m).\u001b[22mtoMatchSnapshot\u001b[2m()\u001b[22m\n\nSnapshot name: `Storyshots Example/Button Primary 1`\n\n\u001b[38;5;90m\u001b[48;5;225m- Snapshot  - 1\u001b[49m\u001b[39m\n\u001b[38;5;23m\u001b[48;5;195m+ Received  + 1\u001b[49m\u001b[39m\n\n\u001b[2m  <button>\u001b[22m\n\u001b[38;5;90m\u001b[48;5;225m-   Primary Button\u001b[49m\u001b[39m\n\u001b[38;5;23m\u001b[48;5;195m+   Primary Button 2\u001b[49m\u001b[39m\n\u001b[2m  </button>\u001b[22m\n    at match (/Users/stanislavus/Developer/repos/showcases/storybooks/node_modules/@storybook/addon-storyshots/dist/ts3.9/test-bodies.js:25:32)\n    at /Users/stanislavus/Developer/repos/showcases/storybooks/node_modules/@storybook/addon-storyshots/dist/ts3.9/test-bodies.js:34:16\n    at Object.<anonymous> (/Users/stanislavus/Developer/repos/showcases/storybooks/node_modules/@storybook/addon-storyshots/dist/ts3.9/api/snapshotsTestsTemplate.js:43:20)\n    at Object.asyncJestTest (/Users/stanislavus/Developer/repos/showcases/storybooks/node_modules/jest-jasmine2/build/jasmineAsyncInstall.js:106:37)\n    at /Users/stanislavus/Developer/repos/showcases/storybooks/node_modules/jest-jasmine2/build/queueRunner.js:45:12\n    at new Promise (<anonymous>)\n    at mapper (/Users/stanislavus/Developer/repos/showcases/storybooks/node_modules/jest-jasmine2/build/queueRunner.js:28:19)\n    at /Users/stanislavus/Developer/repos/showcases/storybooks/node_modules/jest-jasmine2/build/queueRunner.js:75:41\n    at processTicksAndRejections (node:internal/process/task_queues:96:5)"],"fullName":"Storyshots Example/Button Primary","location":null,"status":"failed","title":"Primary"},{"ancestorTitles":["Storyshots","Example/Button"],"failureMessages":[],"fullName":"Storyshots Example/Button New Button","location":null,"status":"passed","title":"New Button"},{"ancestorTitles":["Storyshots","Example/Button"],"failureMessages":[],"fullName":"Storyshots Example/Button Simple Button","location":null,"status":"passed","title":"Simple Button"}],"endTime":1620806115411,"message":"\u001b[1m\u001b[31m  \u001b[1m● \u001b[22m\u001b[1mStoryshots › Example/Button › Primary\u001b[39m\u001b[22m\n\n    \u001b[2mexpect(\u001b[22m\u001b[38;5;23m\u001b[48;5;195mreceived\u001b[49m\u001b[39m\u001b[2m).\u001b[22mtoMatchSnapshot\u001b[2m()\u001b[22m\n\n    Snapshot name: `Storyshots Example/Button Primary 1`\n\n    \u001b[38;5;90m\u001b[48;5;225m- Snapshot  - 1\u001b[49m\u001b[39m\n    \u001b[38;5;23m\u001b[48;5;195m+ Received  + 1\u001b[49m\u001b[39m\n\n    \u001b[2m  <button>\u001b[22m\n    \u001b[38;5;90m\u001b[48;5;225m-   Primary Button\u001b[49m\u001b[39m\n    \u001b[38;5;23m\u001b[48;5;195m+   Primary Button 2\u001b[49m\u001b[39m\n    \u001b[2m  </button>\u001b[22m\n\u001b[2m\u001b[22m\n\u001b[2m      \u001b[2mat match (\u001b[22m\u001b[2mnode_modules/@storybook/addon-storyshots/dist/ts3.9/test-bodies.js\u001b[2m:25:32)\u001b[22m\u001b[2m\u001b[22m\n\u001b[2m      \u001b[2mat \u001b[22m\u001b[2mnode_modules/@storybook/addon-storyshots/dist/ts3.9/test-bodies.js\u001b[2m:34:16\u001b[22m\u001b[2m\u001b[22m\n\u001b[2m      \u001b[2mat Object.<anonymous> (\u001b[22m\u001b[2mnode_modules/@storybook/addon-storyshots/dist/ts3.9/api/snapshotsTestsTemplate.js\u001b[2m:43:20)\u001b[22m\u001b[2m\u001b[22m\n","name":"/Users/stanislavus/Developer/repos/showcases/storybooks/src/snapshots.test.ts","startTime":1620806113294,"status":"failed","summary":""},{"assertionResults":[{"ancestorTitles":["Storyshots","Example/Button"],"failureMessages":["Error: net::ERR_CONNECTION_REFUSED at http://localhost:6006/iframe.html?id=example-button--primary\n    at navigate (/Users/stanislavus/Developer/repos/showcases/storybooks/node_modules/puppeteer/src/common/FrameManager.ts:190:13)\n    at processTicksAndRejections (node:internal/process/task_queues:96:5)\n    at FrameManager.navigateFrame (/Users/stanislavus/Developer/repos/showcases/storybooks/node_modules/puppeteer/src/common/FrameManager.ts:160:17)\n    at Frame.goto (/Users/stanislavus/Developer/repos/showcases/storybooks/node_modules/puppeteer/src/common/FrameManager.ts:642:12)\n    at Page.goto (/Users/stanislavus/Developer/repos/showcases/storybooks/node_modules/puppeteer/src/common/Page.ts:1385:12)"],"fullName":"Storyshots Example/Button Primary","location":null,"status":"failed","title":"Primary"},{"ancestorTitles":["Storyshots","Example/Button"],"failureMessages":["Error: net::ERR_CONNECTION_REFUSED at http://localhost:6006/iframe.html?id=example-button--new-button\n    at navigate (/Users/stanislavus/Developer/repos/showcases/storybooks/node_modules/puppeteer/src/common/FrameManager.ts:190:13)\n    at processTicksAndRejections (node:internal/process/task_queues:96:5)\n    at FrameManager.navigateFrame (/Users/stanislavus/Developer/repos/showcases/storybooks/node_modules/puppeteer/src/common/FrameManager.ts:160:17)\n    at Frame.goto (/Users/stanislavus/Developer/repos/showcases/storybooks/node_modules/puppeteer/src/common/FrameManager.ts:642:12)\n    at Page.goto (/Users/stanislavus/Developer/repos/showcases/storybooks/node_modules/puppeteer/src/common/Page.ts:1385:12)"],"fullName":"Storyshots Example/Button New Button","location":null,"status":"failed","title":"New Button"},{"ancestorTitles":["Storyshots","Example/Button"],"failureMessages":["Error: net::ERR_CONNECTION_REFUSED at http://localhost:6006/iframe.html?id=example-button--simple-button\n    at navigate (/Users/stanislavus/Developer/repos/showcases/storybooks/node_modules/puppeteer/src/common/FrameManager.ts:190:13)\n    at processTicksAndRejections (node:internal/process/task_queues:96:5)\n    at FrameManager.navigateFrame (/Users/stanislavus/Developer/repos/showcases/storybooks/node_modules/puppeteer/src/common/FrameManager.ts:160:17)\n    at Frame.goto (/Users/stanislavus/Developer/repos/showcases/storybooks/node_modules/puppeteer/src/common/FrameManager.ts:642:12)\n    at Page.goto (/Users/stanislavus/Developer/repos/showcases/storybooks/node_modules/puppeteer/src/common/Page.ts:1385:12)"],"fullName":"Storyshots Example/Button Simple Button","location":null,"status":"failed","title":"Simple Button"}],"endTime":1620806116418,"message":"\u001b[1m\u001b[31m  \u001b[1m● \u001b[22m\u001b[1mStoryshots › Example/Button › Primary\u001b[39m\u001b[22m\n\n    net::ERR_CONNECTION_REFUSED at http://localhost:6006/iframe.html?id=example-button--primary\n\u001b[2m\u001b[22m\n\u001b[2m      \u001b[2mat navigate (\u001b[22m\u001b[2mnode_modules/puppeteer/src/common/FrameManager.ts\u001b[2m:190:13)\u001b[22m\u001b[2m\u001b[22m\n\u001b[2m      \u001b[2mat FrameManager.navigateFrame (\u001b[22m\u001b[2mnode_modules/puppeteer/src/common/FrameManager.ts\u001b[2m:160:17)\u001b[22m\u001b[2m\u001b[22m\n\u001b[2m      \u001b[2mat Frame.goto (\u001b[22m\u001b[2mnode_modules/puppeteer/src/common/FrameManager.ts\u001b[2m:642:12)\u001b[22m\u001b[2m\u001b[22m\n\u001b[2m      \u001b[2mat Page.goto (\u001b[22m\u001b[2mnode_modules/puppeteer/src/common/Page.ts\u001b[2m:1385:12)\u001b[22m\u001b[2m\u001b[22m\n\n\u001b[1m\u001b[31m  \u001b[1m● \u001b[22m\u001b[1mStoryshots › Example/Button › New Button\u001b[39m\u001b[22m\n\n    net::ERR_CONNECTION_REFUSED at http://localhost:6006/iframe.html?id=example-button--new-button\n\u001b[2m\u001b[22m\n\u001b[2m      \u001b[2mat navigate (\u001b[22m\u001b[2mnode_modules/puppeteer/src/common/FrameManager.ts\u001b[2m:190:13)\u001b[22m\u001b[2m\u001b[22m\n\u001b[2m      \u001b[2mat FrameManager.navigateFrame (\u001b[22m\u001b[2mnode_modules/puppeteer/src/common/FrameManager.ts\u001b[2m:160:17)\u001b[22m\u001b[2m\u001b[22m\n\u001b[2m      \u001b[2mat Frame.goto (\u001b[22m\u001b[2mnode_modules/puppeteer/src/common/FrameManager.ts\u001b[2m:642:12)\u001b[22m\u001b[2m\u001b[22m\n\u001b[2m      \u001b[2mat Page.goto (\u001b[22m\u001b[2mnode_modules/puppeteer/src/common/Page.ts\u001b[2m:1385:12)\u001b[22m\u001b[2m\u001b[22m\n\n\u001b[1m\u001b[31m  \u001b[1m● \u001b[22m\u001b[1mStoryshots › Example/Button › Simple Button\u001b[39m\u001b[22m\n\n    net::ERR_CONNECTION_REFUSED at http://localhost:6006/iframe.html?id=example-button--simple-button\n\u001b[2m\u001b[22m\n\u001b[2m      \u001b[2mat navigate (\u001b[22m\u001b[2mnode_modules/puppeteer/src/common/FrameManager.ts\u001b[2m:190:13)\u001b[22m\u001b[2m\u001b[22m\n\u001b[2m      \u001b[2mat FrameManager.navigateFrame (\u001b[22m\u001b[2mnode_modules/puppeteer/src/common/FrameManager.ts\u001b[2m:160:17)\u001b[22m\u001b[2m\u001b[22m\n\u001b[2m      \u001b[2mat Frame.goto (\u001b[22m\u001b[2mnode_modules/puppeteer/src/common/FrameManager.ts\u001b[2m:642:12)\u001b[22m\u001b[2m\u001b[22m\n\u001b[2m      \u001b[2mat Page.goto (\u001b[22m\u001b[2mnode_modules/puppeteer/src/common/Page.ts\u001b[2m:1385:12)\u001b[22m\u001b[2m\u001b[22m\n","name":"/Users/stanislavus/Developer/repos/showcases/storybooks/src/imagesnapshots.test.ts","startTime":1620806113293,"status":"failed","summary":""}],"wasInterrupted":false}